2025-07-21 23:12:13,380 - INFO - cache - User data for user 5 (type: live) not in cache. Fetching from DB.
2025-07-21 23:12:13,390 - WARNING - cache - User 5 (type: live) not found in DB. Cannot cache.
2025-07-21 23:12:13,414 - INFO - cache - Refreshing balance/margin cache for user 5 from database
2025-07-21 23:12:13,419 - ERROR - cache - User 5 not found in database
2025-07-21 23:12:13,425 - INFO - cache - Refreshing balance/margin cache for user 8 from database
2025-07-21 23:12:13,435 - ERROR - cache - Cache verification failed for user 8: expected balance=0E-8, margin=0.0, cached balance=0E-8, margin=0.0
2025-07-21 23:12:13,438 - INFO - cache - Successfully refreshed balance/margin cache for user 8: balance=0E-8, margin=0.0
2025-07-21 23:12:13,441 - INFO - cache - Refreshing balance/margin cache for user 9 from database
2025-07-21 23:12:13,454 - ERROR - cache - Cache verification failed for user 9: expected balance=8436.59000000, margin=8271.68, cached balance=8436.59000000, margin=8271.68
2025-07-21 23:12:13,455 - INFO - cache - Successfully refreshed balance/margin cache for user 9: balance=8436.59000000, margin=8271.68
2025-07-21 23:12:13,459 - INFO - cache - Refreshing balance/margin cache for user 10 from database
2025-07-21 23:12:13,472 - ERROR - cache - Cache verification failed for user 10: expected balance=9707.74000000, margin=0.0, cached balance=9707.74000000, margin=0.0
2025-07-21 23:12:13,474 - INFO - cache - Successfully refreshed balance/margin cache for user 10: balance=9707.74000000, margin=0.0
2025-07-21 23:12:13,477 - INFO - cache - Refreshing balance/margin cache for user 11 from database
2025-07-21 23:12:13,484 - ERROR - cache - Cache verification failed for user 11: expected balance=14420.38000000, margin=0.0, cached balance=14420.38000000, margin=0.0
2025-07-21 23:12:13,486 - INFO - cache - Successfully refreshed balance/margin cache for user 11: balance=14420.38000000, margin=0.0
2025-07-21 23:12:13,490 - INFO - cache - Refreshing balance/margin cache for user 13 from database
2025-07-21 23:12:13,504 - ERROR - cache - Cache verification failed for user 13: expected balance=94.25000000, margin=0.0, cached balance=94.25000000, margin=0.0
2025-07-21 23:12:13,507 - INFO - cache - Successfully refreshed balance/margin cache for user 13: balance=94.25000000, margin=0.0
2025-07-21 23:12:13,514 - INFO - cache - Refreshing balance/margin cache for user 14 from database
2025-07-21 23:12:13,525 - ERROR - cache - Cache verification failed for user 14: expected balance=9902.02000000, margin=9494.47, cached balance=9902.02000000, margin=9494.47
2025-07-21 23:12:13,527 - INFO - cache - Successfully refreshed balance/margin cache for user 14: balance=9902.02000000, margin=9494.47
2025-07-21 23:12:13,533 - INFO - cache - Refreshing balance/margin cache for user 16 from database
2025-07-21 23:12:13,540 - ERROR - cache - Cache verification failed for user 16: expected balance=0E-8, margin=0.0, cached balance=0E-8, margin=0.0
2025-07-21 23:12:13,542 - INFO - cache - Successfully refreshed balance/margin cache for user 16: balance=0E-8, margin=0.0
2025-07-21 23:12:13,546 - INFO - cache - Refreshing balance/margin cache for user 17 from database
2025-07-21 23:12:13,552 - ERROR - cache - Cache verification failed for user 17: expected balance=26302.98000000, margin=0.0, cached balance=26302.98000000, margin=0.0
2025-07-21 23:12:13,554 - INFO - cache - Successfully refreshed balance/margin cache for user 17: balance=26302.98000000, margin=0.0
2025-07-21 23:12:13,557 - INFO - cache - Refreshing balance/margin cache for user 18 from database
2025-07-21 23:12:13,564 - ERROR - cache - Cache verification failed for user 18: expected balance=17323.75000000, margin=0.0, cached balance=17323.75000000, margin=0.0
2025-07-21 23:12:13,565 - INFO - cache - Successfully refreshed balance/margin cache for user 18: balance=17323.75000000, margin=0.0
2025-07-21 23:12:13,569 - INFO - cache - Refreshing balance/margin cache for user 19 from database
2025-07-21 23:12:13,576 - ERROR - cache - Cache verification failed for user 19: expected balance=9610.04000000, margin=0.0, cached balance=9610.04000000, margin=0.0
2025-07-21 23:12:13,578 - INFO - cache - Successfully refreshed balance/margin cache for user 19: balance=9610.04000000, margin=0.0
2025-07-21 23:12:13,583 - INFO - cache - Refreshing balance/margin cache for user 20 from database
2025-07-21 23:12:13,589 - ERROR - cache - Cache verification failed for user 20: expected balance=8712.00000000, margin=0.0, cached balance=8712.00000000, margin=0.0
2025-07-21 23:12:13,590 - INFO - cache - Successfully refreshed balance/margin cache for user 20: balance=8712.00000000, margin=0.0
2025-07-21 23:12:13,593 - INFO - cache - Refreshing balance/margin cache for user 21 from database
2025-07-21 23:12:13,601 - ERROR - cache - Cache verification failed for user 21: expected balance=0E-8, margin=0.0, cached balance=0E-8, margin=0.0
2025-07-21 23:12:13,602 - INFO - cache - Successfully refreshed balance/margin cache for user 21: balance=0E-8, margin=0.0
2025-07-21 23:12:13,605 - INFO - cache - Refreshing balance/margin cache for user 22 from database
2025-07-21 23:12:13,612 - ERROR - cache - Cache verification failed for user 22: expected balance=5961.56000000, margin=0.0, cached balance=5961.56000000, margin=0.0
2025-07-21 23:12:13,612 - INFO - cache - Successfully refreshed balance/margin cache for user 22: balance=5961.56000000, margin=0.0
2025-07-21 23:12:13,614 - INFO - cache - Refreshing balance/margin cache for user 23 from database
2025-07-21 23:12:13,619 - ERROR - cache - Cache verification failed for user 23: expected balance=1000000.00000000, margin=0.0, cached balance=1000000.00000000, margin=0.0
2025-07-21 23:12:13,620 - INFO - cache - Successfully refreshed balance/margin cache for user 23: balance=1000000.00000000, margin=0.0
2025-07-21 23:12:13,622 - INFO - cache - Refreshing balance/margin cache for user 26 from database
2025-07-21 23:12:13,627 - ERROR - cache - Cache verification failed for user 26: expected balance=184345.81000000, margin=146484.47, cached balance=184345.81000000, margin=146484.47
2025-07-21 23:12:13,628 - INFO - cache - Successfully refreshed balance/margin cache for user 26: balance=184345.81000000, margin=146484.47
2025-07-21 23:12:13,629 - INFO - cache - Refreshing balance/margin cache for user 29 from database
2025-07-21 23:12:13,656 - ERROR - cache - Cache verification failed for user 29: expected balance=0E-8, margin=0.0, cached balance=0E-8, margin=0.0
2025-07-21 23:12:13,658 - INFO - cache - Successfully refreshed balance/margin cache for user 29: balance=0E-8, margin=0.0
2025-07-21 23:12:13,663 - INFO - cache - Refreshing balance/margin cache for user 30 from database
2025-07-21 23:12:13,671 - ERROR - cache - Cache verification failed for user 30: expected balance=0E-8, margin=0.0, cached balance=0E-8, margin=0.0
2025-07-21 23:12:13,673 - INFO - cache - Successfully refreshed balance/margin cache for user 30: balance=0E-8, margin=0.0
2025-07-21 23:12:13,985 - INFO - cache - Refreshing balance/margin cache for user 1 from database
2025-07-21 23:12:13,996 - ERROR - cache - Cache verification failed for user 1: expected balance=16449.41000000, margin=0.0, cached balance=16449.41000000, margin=0.0
2025-07-21 23:12:13,997 - INFO - cache - Successfully refreshed balance/margin cache for user 1: balance=16449.41000000, margin=0.0
2025-07-21 23:12:14,000 - INFO - cache - Refreshing balance/margin cache for user 2 from database
2025-07-21 23:12:14,006 - ERROR - cache - Cache verification failed for user 2: expected balance=100000.00000000, margin=0.0, cached balance=100000.00000000, margin=0.0
2025-07-21 23:12:14,007 - INFO - cache - Successfully refreshed balance/margin cache for user 2: balance=100000.00000000, margin=0.0
2025-07-21 23:12:14,009 - INFO - cache - Refreshing balance/margin cache for user 3 from database
2025-07-21 23:12:14,014 - ERROR - cache - Cache verification failed for user 3: expected balance=100000.00000000, margin=0.0, cached balance=100000.00000000, margin=0.0
2025-07-21 23:12:14,015 - INFO - cache - Successfully refreshed balance/margin cache for user 3: balance=100000.00000000, margin=0.0
2025-07-21 23:12:14,018 - INFO - cache - Refreshing balance/margin cache for user 4 from database
2025-07-21 23:12:14,027 - ERROR - cache - Cache verification failed for user 4: expected balance=100000.00000000, margin=0.0, cached balance=100000.00000000, margin=0.0
2025-07-21 23:12:14,028 - INFO - cache - Successfully refreshed balance/margin cache for user 4: balance=100000.00000000, margin=0.0
2025-07-21 23:12:14,032 - INFO - cache - Refreshing balance/margin cache for user 5 from database
2025-07-21 23:12:14,038 - ERROR - cache - Cache verification failed for user 5: expected balance=100000.00000000, margin=0.0, cached balance=100000.00000000, margin=0.0
2025-07-21 23:12:14,039 - INFO - cache - Successfully refreshed balance/margin cache for user 5: balance=100000.00000000, margin=0.0
2025-07-21 23:12:14,044 - INFO - cache - Refreshing balance/margin cache for user 6 from database
2025-07-21 23:12:14,051 - ERROR - cache - Cache verification failed for user 6: expected balance=100000.00000000, margin=0.0, cached balance=100000.00000000, margin=0.0
2025-07-21 23:12:14,052 - INFO - cache - Successfully refreshed balance/margin cache for user 6: balance=100000.00000000, margin=0.0
2025-07-21 23:12:14,059 - INFO - cache - Refreshing balance/margin cache for user 12 from database
2025-07-21 23:12:14,063 - ERROR - cache - Cache verification failed for user 12: expected balance=99984.34000000, margin=0.0, cached balance=99984.34000000, margin=0.0
2025-07-21 23:12:14,064 - INFO - cache - Successfully refreshed balance/margin cache for user 12: balance=99984.34000000, margin=0.0
2025-07-21 23:12:15,467 - INFO - cache - Published order update for user 25 to order_updates, received by 0 subscribers
2025-07-21 23:12:15,486 - ERROR - cache - Cache verification failed for user 25: expected balance=6389.62000000, margin=5936.62, cached balance=6389.62000000, margin=5936.62
2025-07-21 23:12:15,490 - INFO - cache - Published user data update for user 25 to user_data_updates, received by 0 subscribers
2025-07-21 23:12:15,491 - INFO - cache - Published market data trigger for symbol TRIGGER to market_data_updates, received by 1 subscribers
2025-07-21 23:15:02,294 - INFO - cache - User data for user 5 (type: live) not in cache. Fetching from DB.
2025-07-21 23:15:02,298 - WARNING - cache - User 5 (type: live) not found in DB. Cannot cache.
2025-07-21 23:15:04,110 - INFO - cache - Published order update for user 25 to order_updates, received by 0 subscribers
2025-07-21 23:15:04,123 - ERROR - cache - Cache verification failed for user 25: expected balance=6389.62000000, margin=5936.62, cached balance=6389.62000000, margin=5936.62
2025-07-21 23:15:04,126 - INFO - cache - Published user data update for user 25 to user_data_updates, received by 0 subscribers
2025-07-21 23:15:04,127 - INFO - cache - Published market data trigger for symbol TRIGGER to market_data_updates, received by 1 subscribers
2025-07-21 23:16:45,885 - INFO - cache - User data for user 5 (type: live) not in cache. Fetching from DB.
2025-07-21 23:16:45,890 - WARNING - cache - User 5 (type: live) not found in DB. Cannot cache.
2025-07-21 23:16:48,191 - INFO - cache - Published order update for user 25 to order_updates, received by 0 subscribers
2025-07-21 23:16:48,219 - ERROR - cache - Cache verification failed for user 25: expected balance=6389.62000000, margin=5936.62, cached balance=6389.62000000, margin=5936.62
2025-07-21 23:16:48,226 - INFO - cache - Published user data update for user 25 to user_data_updates, received by 0 subscribers
2025-07-21 23:16:48,230 - INFO - cache - Published market data trigger for symbol TRIGGER to market_data_updates, received by 1 subscribers
2025-07-21 23:17:20,579 - INFO - cache - User data for user 5 (type: live) not in cache. Fetching from DB.
2025-07-21 23:17:20,580 - WARNING - cache - User 5 (type: live) not found in DB. Cannot cache.
2025-07-21 23:17:22,091 - INFO - cache - Published order update for user 25 to order_updates, received by 0 subscribers
2025-07-21 23:17:22,112 - ERROR - cache - Cache verification failed for user 25: expected balance=6389.62000000, margin=5936.62, cached balance=6389.62000000, margin=5936.62
2025-07-21 23:17:22,116 - INFO - cache - Published user data update for user 25 to user_data_updates, received by 0 subscribers
2025-07-21 23:17:22,118 - INFO - cache - Published market data trigger for symbol TRIGGER to market_data_updates, received by 3 subscribers
2025-07-21 23:17:34,225 - INFO - cache - User data for user 5 (type: live) not in cache. Fetching from DB.
2025-07-21 23:17:34,229 - WARNING - cache - User 5 (type: live) not found in DB. Cannot cache.
2025-07-21 23:17:34,232 - INFO - cache - Refreshing balance/margin cache for user 5 from database
2025-07-21 23:17:34,234 - ERROR - cache - User 5 not found in database
2025-07-21 23:17:34,236 - INFO - cache - Refreshing balance/margin cache for user 8 from database
2025-07-21 23:17:34,241 - ERROR - cache - Cache verification failed for user 8: expected balance=0E-8, margin=0.0, cached balance=0E-8, margin=0.0
2025-07-21 23:17:34,243 - INFO - cache - Successfully refreshed balance/margin cache for user 8: balance=0E-8, margin=0.0
2025-07-21 23:17:34,245 - INFO - cache - Refreshing balance/margin cache for user 9 from database
2025-07-21 23:17:34,253 - ERROR - cache - Cache verification failed for user 9: expected balance=8436.59000000, margin=8271.68, cached balance=8436.59000000, margin=8271.68
2025-07-21 23:17:34,254 - INFO - cache - Successfully refreshed balance/margin cache for user 9: balance=8436.59000000, margin=8271.68
2025-07-21 23:17:34,257 - INFO - cache - Refreshing balance/margin cache for user 10 from database
2025-07-21 23:17:34,266 - ERROR - cache - Cache verification failed for user 10: expected balance=9707.74000000, margin=0.0, cached balance=9707.74000000, margin=0.0
2025-07-21 23:17:34,267 - INFO - cache - Successfully refreshed balance/margin cache for user 10: balance=9707.74000000, margin=0.0
2025-07-21 23:17:34,270 - INFO - cache - Refreshing balance/margin cache for user 11 from database
2025-07-21 23:17:34,276 - ERROR - cache - Cache verification failed for user 11: expected balance=14420.38000000, margin=0.0, cached balance=14420.38000000, margin=0.0
2025-07-21 23:17:34,278 - INFO - cache - Successfully refreshed balance/margin cache for user 11: balance=14420.38000000, margin=0.0
2025-07-21 23:17:34,280 - INFO - cache - Refreshing balance/margin cache for user 13 from database
2025-07-21 23:17:34,288 - ERROR - cache - Cache verification failed for user 13: expected balance=94.25000000, margin=0.0, cached balance=94.25000000, margin=0.0
2025-07-21 23:17:34,289 - INFO - cache - Successfully refreshed balance/margin cache for user 13: balance=94.25000000, margin=0.0
2025-07-21 23:17:34,292 - INFO - cache - Refreshing balance/margin cache for user 14 from database
2025-07-21 23:17:34,297 - ERROR - cache - Cache verification failed for user 14: expected balance=9902.02000000, margin=9494.47, cached balance=9902.02000000, margin=9494.47
2025-07-21 23:17:34,298 - INFO - cache - Successfully refreshed balance/margin cache for user 14: balance=9902.02000000, margin=9494.47
2025-07-21 23:17:34,301 - INFO - cache - Refreshing balance/margin cache for user 16 from database
2025-07-21 23:17:34,307 - ERROR - cache - Cache verification failed for user 16: expected balance=0E-8, margin=0.0, cached balance=0E-8, margin=0.0
2025-07-21 23:17:34,308 - INFO - cache - Successfully refreshed balance/margin cache for user 16: balance=0E-8, margin=0.0
2025-07-21 23:17:34,313 - INFO - cache - Refreshing balance/margin cache for user 17 from database
2025-07-21 23:17:34,320 - ERROR - cache - Cache verification failed for user 17: expected balance=26302.98000000, margin=0.0, cached balance=26302.98000000, margin=0.0
2025-07-21 23:17:34,323 - INFO - cache - Successfully refreshed balance/margin cache for user 17: balance=26302.98000000, margin=0.0
2025-07-21 23:17:34,327 - INFO - cache - Refreshing balance/margin cache for user 18 from database
2025-07-21 23:17:34,332 - ERROR - cache - Cache verification failed for user 18: expected balance=17323.75000000, margin=0.0, cached balance=17323.75000000, margin=0.0
2025-07-21 23:17:34,333 - INFO - cache - Successfully refreshed balance/margin cache for user 18: balance=17323.75000000, margin=0.0
2025-07-21 23:17:34,335 - INFO - cache - Refreshing balance/margin cache for user 19 from database
2025-07-21 23:17:34,340 - ERROR - cache - Cache verification failed for user 19: expected balance=9610.04000000, margin=0.0, cached balance=9610.04000000, margin=0.0
2025-07-21 23:17:34,341 - INFO - cache - Successfully refreshed balance/margin cache for user 19: balance=9610.04000000, margin=0.0
2025-07-21 23:17:34,344 - INFO - cache - Refreshing balance/margin cache for user 20 from database
2025-07-21 23:17:34,349 - ERROR - cache - Cache verification failed for user 20: expected balance=8712.00000000, margin=0.0, cached balance=8712.00000000, margin=0.0
2025-07-21 23:17:34,350 - INFO - cache - Successfully refreshed balance/margin cache for user 20: balance=8712.00000000, margin=0.0
2025-07-21 23:17:34,352 - INFO - cache - Refreshing balance/margin cache for user 21 from database
2025-07-21 23:17:34,357 - ERROR - cache - Cache verification failed for user 21: expected balance=0E-8, margin=0.0, cached balance=0E-8, margin=0.0
2025-07-21 23:17:34,358 - INFO - cache - Successfully refreshed balance/margin cache for user 21: balance=0E-8, margin=0.0
2025-07-21 23:17:34,361 - INFO - cache - Refreshing balance/margin cache for user 22 from database
2025-07-21 23:17:34,365 - ERROR - cache - Cache verification failed for user 22: expected balance=5961.56000000, margin=0.0, cached balance=5961.56000000, margin=0.0
2025-07-21 23:17:34,366 - INFO - cache - Successfully refreshed balance/margin cache for user 22: balance=5961.56000000, margin=0.0
2025-07-21 23:17:34,369 - INFO - cache - Refreshing balance/margin cache for user 23 from database
2025-07-21 23:17:34,373 - ERROR - cache - Cache verification failed for user 23: expected balance=1000000.00000000, margin=0.0, cached balance=1000000.00000000, margin=0.0
2025-07-21 23:17:34,376 - INFO - cache - Successfully refreshed balance/margin cache for user 23: balance=1000000.00000000, margin=0.0
2025-07-21 23:17:34,380 - INFO - cache - Refreshing balance/margin cache for user 26 from database
2025-07-21 23:17:34,387 - ERROR - cache - Cache verification failed for user 26: expected balance=184345.81000000, margin=146484.47, cached balance=184345.81000000, margin=146484.47
2025-07-21 23:17:34,388 - INFO - cache - Successfully refreshed balance/margin cache for user 26: balance=184345.81000000, margin=146484.47
2025-07-21 23:17:34,390 - INFO - cache - Refreshing balance/margin cache for user 29 from database
2025-07-21 23:17:34,396 - ERROR - cache - Cache verification failed for user 29: expected balance=0E-8, margin=0.0, cached balance=0E-8, margin=0.0
2025-07-21 23:17:34,397 - INFO - cache - Successfully refreshed balance/margin cache for user 29: balance=0E-8, margin=0.0
2025-07-21 23:17:34,399 - INFO - cache - Refreshing balance/margin cache for user 30 from database
2025-07-21 23:17:34,406 - ERROR - cache - Cache verification failed for user 30: expected balance=0E-8, margin=0.0, cached balance=0E-8, margin=0.0
2025-07-21 23:17:34,685 - INFO - cache - Successfully refreshed balance/margin cache for user 30: balance=0E-8, margin=0.0
2025-07-21 23:17:34,692 - INFO - cache - Refreshing balance/margin cache for user 1 from database
2025-07-21 23:17:34,701 - ERROR - cache - Cache verification failed for user 1: expected balance=16449.41000000, margin=0.0, cached balance=16449.41000000, margin=0.0
2025-07-21 23:17:34,703 - INFO - cache - Successfully refreshed balance/margin cache for user 1: balance=16449.41000000, margin=0.0
2025-07-21 23:17:34,706 - INFO - cache - Refreshing balance/margin cache for user 2 from database
2025-07-21 23:17:34,711 - ERROR - cache - Cache verification failed for user 2: expected balance=100000.00000000, margin=0.0, cached balance=100000.00000000, margin=0.0
2025-07-21 23:17:34,712 - INFO - cache - Successfully refreshed balance/margin cache for user 2: balance=100000.00000000, margin=0.0
2025-07-21 23:17:34,713 - INFO - cache - Refreshing balance/margin cache for user 3 from database
2025-07-21 23:17:34,718 - ERROR - cache - Cache verification failed for user 3: expected balance=100000.00000000, margin=0.0, cached balance=100000.00000000, margin=0.0
2025-07-21 23:17:34,719 - INFO - cache - Successfully refreshed balance/margin cache for user 3: balance=100000.00000000, margin=0.0
2025-07-21 23:17:34,722 - INFO - cache - Refreshing balance/margin cache for user 4 from database
2025-07-21 23:17:34,726 - ERROR - cache - Cache verification failed for user 4: expected balance=100000.00000000, margin=0.0, cached balance=100000.00000000, margin=0.0
2025-07-21 23:17:34,727 - INFO - cache - Successfully refreshed balance/margin cache for user 4: balance=100000.00000000, margin=0.0
2025-07-21 23:17:34,729 - INFO - cache - Refreshing balance/margin cache for user 5 from database
2025-07-21 23:17:34,753 - ERROR - cache - Cache verification failed for user 5: expected balance=100000.00000000, margin=0.0, cached balance=100000.00000000, margin=0.0
2025-07-21 23:17:34,755 - INFO - cache - Successfully refreshed balance/margin cache for user 5: balance=100000.00000000, margin=0.0
2025-07-21 23:17:34,758 - INFO - cache - Refreshing balance/margin cache for user 6 from database
2025-07-21 23:17:34,764 - ERROR - cache - Cache verification failed for user 6: expected balance=100000.00000000, margin=0.0, cached balance=100000.00000000, margin=0.0
2025-07-21 23:17:34,765 - INFO - cache - Successfully refreshed balance/margin cache for user 6: balance=100000.00000000, margin=0.0
2025-07-21 23:17:34,774 - INFO - cache - Refreshing balance/margin cache for user 12 from database
2025-07-21 23:17:34,782 - ERROR - cache - Cache verification failed for user 12: expected balance=99984.34000000, margin=0.0, cached balance=99984.34000000, margin=0.0
2025-07-21 23:17:34,783 - INFO - cache - Successfully refreshed balance/margin cache for user 12: balance=99984.34000000, margin=0.0
2025-07-21 23:17:36,293 - INFO - cache - Published order update for user 25 to order_updates, received by 0 subscribers
2025-07-21 23:17:36,315 - ERROR - cache - Cache verification failed for user 25: expected balance=6389.62000000, margin=5936.62, cached balance=6389.62000000, margin=5936.62
2025-07-21 23:17:36,318 - INFO - cache - Published user data update for user 25 to user_data_updates, received by 0 subscribers
2025-07-21 23:17:36,320 - INFO - cache - Published market data trigger for symbol TRIGGER to market_data_updates, received by 1 subscribers
