2025-07-25 03:29:53,511 - INFO - firebase_comm - OUTGOING ORDER DATA: {"order_id": "1346-001", "user_id": 31, "order_company_name": "AUDSGD", "order_type": "BUY", "order_quantity": 0.01, "price": 1.000085, "status": "OPEN", "contract_value": 1000.0}
2025-07-25 03:29:53,511 - INFO - firebase_comm - FIREBASE PUSH: trade_data/live - {"order_id": "1346-001", "user_id": "31", "order_company_name": "AUDSGD", "order_type": "BUY", "order_quantity": "0.01", "price": "1.000085", "status": "OPEN", "contract_value": "1000.0", "account_type": "live", "timestamp": "2025-07-25T10:29:53.511752"}
2025-07-25 03:29:53,804 - INFO - firebase_comm - FIREBASE PUSH RESULT: Key=-OW07SamxPzXf22a2HcD
2025-07-25 03:29:55,161 - INFO - firebase_comm - FIREBASE DELETE: Deleted order data (ID: 1346-001) after 1 seconds
2025-07-25 03:29:55,992 - INFO - firebase_comm - OUTGOING ORDER DATA: {"order_id": "1347-001", "user_id": 31, "order_company_name": "AUDSGD", "order_type": "SELL", "order_quantity": 0.01, "price": 0.999915, "status": "OPEN", "contract_value": 1000.0}
2025-07-25 03:29:55,992 - INFO - firebase_comm - FIREBASE PUSH: trade_data/live - {"order_id": "1347-001", "user_id": "31", "order_company_name": "AUDSGD", "order_type": "SELL", "order_quantity": "0.01", "price": "0.999915", "status": "OPEN", "contract_value": "1000.0", "account_type": "live", "timestamp": "2025-07-25T10:29:55.992834"}
2025-07-25 03:29:56,393 - INFO - firebase_comm - FIREBASE PUSH RESULT: Key=-OW07TCjvg2ZEweHShhD
2025-07-25 03:29:57,124 - INFO - firebase_comm - OUTGOING ORDER DATA: {"order_id": "1348-001", "user_id": 31, "order_company_name": "AUDSGD", "order_type": "SELL", "order_quantity": 0.01, "price": 0.999915, "status": "OPEN", "contract_value": 1000.0}
2025-07-25 03:29:57,124 - INFO - firebase_comm - FIREBASE PUSH: trade_data/live - {"order_id": "1348-001", "user_id": "31", "order_company_name": "AUDSGD", "order_type": "SELL", "order_quantity": "0.01", "price": "0.999915", "status": "OPEN", "contract_value": "1000.0", "account_type": "live", "timestamp": "2025-07-25T10:29:57.124283"}
2025-07-25 03:29:57,428 - INFO - firebase_comm - FIREBASE PUSH RESULT: Key=-OW07TUPhCbO7vjzyf1Z
2025-07-25 03:29:57,711 - INFO - firebase_comm - FIREBASE DELETE: Deleted order data (ID: 1347-001) after 1 seconds
2025-07-25 03:29:58,729 - INFO - firebase_comm - FIREBASE DELETE: Deleted order data (ID: 1348-001) after 1 seconds
2025-07-25 03:29:59,119 - INFO - firebase_comm - OUTGOING ORDER DATA: {"order_id": "1349-001", "user_id": 31, "order_company_name": "AUDSGD", "order_type": "BUY", "order_quantity": 0.01, "price": 1.000085, "status": "OPEN", "contract_value": 1000.0}
2025-07-25 03:29:59,120 - INFO - firebase_comm - FIREBASE PUSH: trade_data/live - {"order_id": "1349-001", "user_id": "31", "order_company_name": "AUDSGD", "order_type": "BUY", "order_quantity": "0.01", "price": "1.000085", "status": "OPEN", "contract_value": "1000.0", "account_type": "live", "timestamp": "2025-07-25T10:29:59.120360"}
2025-07-25 03:29:59,460 - INFO - firebase_comm - FIREBASE PUSH RESULT: Key=-OW07TyVnybE3Y8t5jAR
2025-07-25 03:30:00,297 - INFO - firebase_comm - OUTGOING ORDER DATA: {"order_id": "1350-001", "user_id": 31, "order_company_name": "AUDSGD", "order_type": "BUY", "order_quantity": 0.01, "price": 1.000085, "status": "OPEN", "contract_value": 1000.0}
2025-07-25 03:30:00,297 - INFO - firebase_comm - FIREBASE PUSH: trade_data/live - {"order_id": "1350-001", "user_id": "31", "order_company_name": "AUDSGD", "order_type": "BUY", "order_quantity": "0.01", "price": "1.000085", "status": "OPEN", "contract_value": "1000.0", "account_type": "live", "timestamp": "2025-07-25T10:30:00.297187"}
2025-07-25 03:30:00,600 - INFO - firebase_comm - FIREBASE PUSH RESULT: Key=-OW07UFyPfcMEtAdfVr7
2025-07-25 03:30:00,998 - INFO - firebase_comm - FIREBASE DELETE: Deleted order data (ID: 1349-001) after 1 seconds
2025-07-25 03:30:01,904 - INFO - firebase_comm - FIREBASE DELETE: Deleted order data (ID: 1350-001) after 1 seconds
2025-07-25 03:30:02,255 - INFO - firebase_comm - OUTGOING ORDER DATA: {"order_id": "1351-001", "user_id": 31, "order_company_name": "AUDSGD", "order_type": "BUY", "order_quantity": 0.01, "price": 1.000085, "status": "OPEN", "contract_value": 1000.0}
2025-07-25 03:30:02,256 - INFO - firebase_comm - FIREBASE PUSH: trade_data/live - {"order_id": "1351-001", "user_id": "31", "order_company_name": "AUDSGD", "order_type": "BUY", "order_quantity": "0.01", "price": "1.000085", "status": "OPEN", "contract_value": "1000.0", "account_type": "live", "timestamp": "2025-07-25T10:30:02.256185"}
2025-07-25 03:30:02,640 - INFO - firebase_comm - FIREBASE PUSH RESULT: Key=-OW07UjZGlKh2H6z9TzF
2025-07-25 03:30:03,938 - INFO - firebase_comm - FIREBASE DELETE: Deleted order data (ID: 1351-001) after 1 seconds
