2025-07-25 03:29:53,378 - INFO - order_audit - {"event":"order_request","endpoint":"place_order","user_id":31,"symbol":"AUDSGD","order_type":"BUY","quantity":"0.01","price":"1.000085","timestamp":"2025-07-25T10:29:53.377647"}
2025-07-25 03:29:53,469 - INFO - order_audit - {"event":"order_finalized","endpoint":"place_order","user_id":31,"order_id":"1346-001","status":"PROCESSING","net_profit":"None","margin":"7.80664502","commission":"0.10000000","timestamp":"2025-07-25T10:29:53.469549"}
2025-07-25 03:29:55,878 - INFO - order_audit - {"event":"order_request","endpoint":"place_order","user_id":31,"symbol":"AUDSGD","order_type":"SELL","quantity":"0.01","price":"0.999915","timestamp":"2025-07-25T10:29:55.878183"}
2025-07-25 03:29:55,945 - INFO - order_audit - {"event":"order_finalized","endpoint":"place_order","user_id":31,"order_id":"1347-001","status":"PROCESSING","net_profit":"None","margin":"7.80658407","commission":"0.10000000","timestamp":"2025-07-25T10:29:55.945154"}
2025-07-25 03:29:57,019 - INFO - order_audit - {"event":"order_request","endpoint":"place_order","user_id":31,"symbol":"AUDSGD","order_type":"SELL","quantity":"0.01","price":"0.999915","timestamp":"2025-07-25T10:29:57.019093"}
2025-07-25 03:29:57,088 - INFO - order_audit - {"event":"order_finalized","endpoint":"place_order","user_id":31,"order_id":"1348-001","status":"PROCESSING","net_profit":"None","margin":"7.80664502","commission":"0.10000000","timestamp":"2025-07-25T10:29:57.088713"}
2025-07-25 03:29:58,983 - INFO - order_audit - {"event":"order_request","endpoint":"place_order","user_id":31,"symbol":"AUDSGD","order_type":"BUY","quantity":"0.01","price":"1.000085","timestamp":"2025-07-25T10:29:58.983381"}
2025-07-25 03:29:59,063 - INFO - order_audit - {"event":"order_finalized","endpoint":"place_order","user_id":31,"order_id":"1349-001","status":"PROCESSING","net_profit":"None","margin":"7.80670596","commission":"0.10000000","timestamp":"2025-07-25T10:29:59.063376"}
2025-07-25 03:30:00,195 - INFO - order_audit - {"event":"order_request","endpoint":"place_order","user_id":31,"symbol":"AUDSGD","order_type":"BUY","quantity":"0.01","price":"1.000085","timestamp":"2025-07-25T10:30:00.195646"}
2025-07-25 03:30:00,249 - INFO - order_audit - {"event":"order_finalized","endpoint":"place_order","user_id":31,"order_id":"1350-001","status":"PROCESSING","net_profit":"None","margin":"7.80670596","commission":"0.10000000","timestamp":"2025-07-25T10:30:00.249881"}
2025-07-25 03:30:02,163 - INFO - order_audit - {"event":"order_request","endpoint":"place_order","user_id":31,"symbol":"AUDSGD","order_type":"BUY","quantity":"0.01","price":"1.000085","timestamp":"2025-07-25T10:30:02.163197"}
2025-07-25 03:30:02,219 - INFO - order_audit - {"event":"order_finalized","endpoint":"place_order","user_id":31,"order_id":"1351-001","status":"PROCESSING","net_profit":"None","margin":"7.80664502","commission":"0.10000000","timestamp":"2025-07-25T10:30:02.219027"}
2025-07-30 21:38:28,667 - INFO - order_audit - {"event":"order_request","endpoint":"service_provider_order_execution","user_id":0,"order_id":"1428-001","symbol":null,"order_type":"BUY","quantity":"None","price":"1.00008500","timestamp":"2025-07-31T04:38:28.667424"}
2025-07-30 21:41:37,422 - INFO - order_audit - {"event":"order_close_request","endpoint":"close_order","user_id":31,"order_id":"1428-001","symbol":"AUDSGD","order_type":"BUY","quantity":"","price":"0.999915","timestamp":"2025-07-31T04:41:37.421515"}
2025-07-30 21:41:37,521 - INFO - order_audit - {"event":"order_finalized","endpoint":"close_order","user_id":31,"order_id":"1428-001","symbol":"AUDSGD","order_type":"BUY","quantity":"0.01000000","price":"0.99991500","net_profit":"None","commission":"0.10000000","timestamp":"2025-07-31T04:41:37.521767"}
2025-07-30 21:41:43,568 - INFO - order_audit - {"event":"order_close_request","endpoint":"close_order","user_id":31,"order_id":"1428-001","symbol":"AUDSGD","order_type":"BUY","quantity":"","price":"0.999915","timestamp":"2025-07-31T04:41:43.568821"}
2025-07-30 21:41:43,613 - INFO - order_audit - {"event":"order_finalized","endpoint":"close_order","user_id":31,"order_id":"1428-001","symbol":"AUDSGD","order_type":"BUY","quantity":"0.01000000","price":"0.99991500","net_profit":"None","commission":"0.10000000","timestamp":"2025-07-31T04:41:43.612991"}
2025-07-30 21:43:11,772 - INFO - order_audit - {"event":"order_close_request","endpoint":"close_order","user_id":31,"order_id":"1428-001","symbol":"AUDSGD","order_type":"BUY","quantity":"","price":"0.999915","timestamp":"2025-07-31T04:43:11.772647"}
2025-07-30 21:43:11,819 - INFO - order_audit - {"event":"order_finalized","endpoint":"close_order","user_id":31,"order_id":"1428-001","symbol":"AUDSGD","order_type":"BUY","quantity":"0.01000000","price":"0.99991500","net_profit":"None","commission":"0.10000000","timestamp":"2025-07-31T04:43:11.819261"}
2025-07-30 21:43:55,874 - INFO - order_audit - {"event":"order_close_request","endpoint":"close_order","user_id":31,"order_id":"1428-001","symbol":"AUDSGD","order_type":"BUY","quantity":"","price":"0.999915","timestamp":"2025-07-31T04:43:55.874126"}
2025-07-30 21:43:55,925 - INFO - order_audit - {"event":"order_finalized","endpoint":"close_order","user_id":31,"order_id":"1428-001","symbol":"AUDSGD","order_type":"BUY","quantity":"0.01000000","price":"0.99991500","net_profit":"None","commission":"0.10000000","timestamp":"2025-07-31T04:43:55.925901"}
2025-07-30 21:45:51,970 - INFO - order_audit - {"event":"order_close_request","endpoint":"close_order","user_id":31,"order_id":"1428-001","symbol":"AUDSGD","order_type":"BUY","quantity":"","price":"0.999915","timestamp":"2025-07-31T04:45:51.970199"}
2025-07-30 21:45:52,016 - INFO - order_audit - {"event":"order_finalized","endpoint":"close_order","user_id":31,"order_id":"1428-001","symbol":"AUDSGD","order_type":"BUY","quantity":"0.01000000","price":"0.99991500","net_profit":"None","commission":"0.10000000","timestamp":"2025-07-31T04:45:52.015996"}
2025-07-30 21:46:47,232 - INFO - order_audit - {"event":"order_close_request","endpoint":"close_order","user_id":31,"order_id":"1428-001","symbol":"AUDSGD","order_type":"BUY","quantity":"","price":"0.999915","timestamp":"2025-07-31T04:46:47.232261"}
2025-07-30 21:46:47,281 - INFO - order_audit - {"event":"order_finalized","endpoint":"close_order","user_id":31,"order_id":"1428-001","symbol":"AUDSGD","order_type":"BUY","quantity":"0.01000000","price":"0.99991500","net_profit":"None","commission":"0.10000000","timestamp":"2025-07-31T04:46:47.281927"}
