2025-07-22 03:19:56,898 - INFO - websocket - Redis publisher task started. Publishing to channel 'market_data_updates'.
2025-07-22 03:21:24,582 - INFO - websocket - Redis publisher task cancelled.
2025-07-22 03:21:24,583 - INFO - websocket - Redis publisher task finished.
2025-07-22 03:21:55,178 - INFO - websocket - Redis publisher task started. Publishing to channel 'market_data_updates'.
2025-07-22 03:23:58,204 - INFO - websocket - Redis publisher task cancelled.
2025-07-22 03:23:58,205 - INFO - websocket - Redis publisher task finished.
2025-07-22 03:28:34,748 - INFO - websocket - Redis publisher task started. Publishing to channel 'market_data_updates'.
2025-07-22 03:30:33,084 - INFO - websocket - WebSocket connection attempt from 127.0.0.1:52824
2025-07-22 03:30:33,085 - INFO - websocket - WebSocket connection accepted from 127.0.0.1:52824
2025-07-22 03:30:33,089 - INFO - websocket - WebSocket auth: Authenticating user 5B0HV (live)
2025-07-22 03:30:33,118 - INFO - websocket - User 30: WebSocket initialized with balance=10000.00000000, margin=0
2025-07-22 03:30:33,984 - INFO - websocket - User 30: Successfully updated static orders cache with 0 open orders and 0 pending orders
2025-07-22 03:30:34,112 - INFO - websocket - User 5B0HV: WebSocket connection established successfully
2025-07-22 03:30:41,100 - INFO - websocket - User 5B0HV: WebSocket disconnected
2025-07-22 03:30:51,365 - INFO - websocket - WebSocket connection attempt from 127.0.0.1:52912
2025-07-22 03:30:51,366 - INFO - websocket - WebSocket connection accepted from 127.0.0.1:52912
2025-07-22 03:30:51,369 - INFO - websocket - WebSocket auth: Authenticating user UVLB4 (live)
2025-07-22 03:30:51,383 - INFO - websocket - User 25: WebSocket initialized with balance=6389.62000000, margin=5936.62000000
2025-07-22 03:30:51,932 - INFO - websocket - User 25: Successfully updated static orders cache with 1 open orders and 0 pending orders
2025-07-22 03:30:52,107 - INFO - websocket - User UVLB4: WebSocket connection established successfully
2025-07-22 03:30:55,350 - INFO - websocket - [WEBSOCKET_DEBUG] User 25: Received ORDER_UPDATE message
2025-07-22 03:30:55,369 - INFO - websocket - [WEBSOCKET_DEBUG] User 25: Received USER_DATA_UPDATE message
2025-07-22 03:31:29,479 - INFO - websocket - [WEBSOCKET_DEBUG] User 25: Received ORDER_UPDATE message
2025-07-22 03:31:29,504 - INFO - websocket - [WEBSOCKET_DEBUG] User 25: Received USER_DATA_UPDATE message
2025-07-22 03:31:43,632 - INFO - websocket - User UVLB4: WebSocket disconnected
2025-07-22 03:31:43,815 - INFO - websocket - Redis publisher task cancelled.
2025-07-22 03:31:43,822 - INFO - websocket - Redis publisher task finished.
2025-07-22 03:40:12,264 - INFO - websocket - Redis publisher task started. Publishing to channel 'market_data_updates'.
2025-07-22 03:40:26,686 - INFO - websocket - WebSocket connection attempt from 127.0.0.1:54077
2025-07-22 03:40:26,688 - INFO - websocket - WebSocket connection accepted from 127.0.0.1:54077
2025-07-22 03:40:26,691 - INFO - websocket - WebSocket auth: Authenticating user 5B0HV (live)
2025-07-22 03:40:26,714 - INFO - websocket - User 30: WebSocket initialized with balance=10000.00000000, margin=0
2025-07-22 03:40:27,414 - INFO - websocket - User 30: Successfully updated static orders cache with 0 open orders and 0 pending orders
2025-07-22 03:40:27,595 - INFO - websocket - User 5B0HV: WebSocket connection established successfully
2025-07-22 03:40:51,159 - INFO - websocket - User 30: Successfully updated static orders cache with 0 open orders and 0 pending orders
2025-07-22 03:40:51,167 - INFO - websocket - [WEBSOCKET_DEBUG] User 30: Received ORDER_UPDATE message
2025-07-22 03:40:51,221 - INFO - websocket - [WEBSOCKET_DEBUG] User 30: Received USER_DATA_UPDATE message
2025-07-22 03:40:51,230 - INFO - websocket - User 30: Successfully updated static orders cache with 0 open orders and 0 pending orders
2025-07-22 03:41:54,221 - INFO - websocket - [WEBSOCKET_DEBUG] User 30: Received ORDER_UPDATE message
2025-07-22 03:41:54,228 - INFO - websocket - [WEBSOCKET_DEBUG] User 30: Received USER_DATA_UPDATE message
2025-07-22 03:41:54,652 - INFO - websocket - [WEBSOCKET_DEBUG] User 30: Received ORDER_UPDATE message
2025-07-22 03:41:54,662 - INFO - websocket - [WEBSOCKET_DEBUG] User 30: Received USER_DATA_UPDATE message
2025-07-22 03:42:34,771 - INFO - websocket - User 5B0HV: WebSocket disconnected
2025-07-22 03:42:35,782 - INFO - websocket - Redis publisher task cancelled.
2025-07-22 03:42:35,782 - INFO - websocket - Redis publisher task finished.
2025-07-22 03:54:39,678 - INFO - websocket - Redis publisher task started. Publishing to channel 'market_data_updates'.
2025-07-22 03:54:46,359 - INFO - websocket - WebSocket connection attempt from 127.0.0.1:55084
2025-07-22 03:54:46,362 - INFO - websocket - WebSocket connection accepted from 127.0.0.1:55084
2025-07-22 03:54:46,400 - INFO - websocket - WebSocket auth: Authenticating user 5B0HV (live)
2025-07-22 03:54:46,489 - WARNING - websocket - Authentication failed for account_number 5B0HV (type live): User not found in correct table.
2025-07-22 03:54:58,730 - INFO - websocket - WebSocket connection attempt from 127.0.0.1:55135
2025-07-22 03:54:58,731 - INFO - websocket - WebSocket connection accepted from 127.0.0.1:55135
2025-07-22 03:54:58,733 - INFO - websocket - WebSocket auth: Authenticating user 5O42G (demo)
2025-07-22 03:54:58,847 - INFO - websocket - User 1: WebSocket initialized with balance=16228.81000000, margin=0
2025-07-22 03:55:04,271 - INFO - websocket - User 1: Successfully updated static orders cache with 0 open orders and 0 pending orders
2025-07-22 03:55:04,451 - INFO - websocket - User 5O42G: WebSocket connection established successfully
2025-07-22 03:56:52,235 - INFO - websocket - WebSocket connection attempt from 127.0.0.1:55235
2025-07-22 03:56:52,236 - INFO - websocket - WebSocket connection accepted from 127.0.0.1:55235
2025-07-22 03:56:52,246 - INFO - websocket - WebSocket auth: Authenticating user 5O42G (demo)
2025-07-22 03:56:52,380 - INFO - websocket - User 1: WebSocket initialized with balance=16228.81000000, margin=0
2025-07-22 03:56:58,294 - INFO - websocket - User 1: Successfully updated static orders cache with 0 open orders and 0 pending orders
2025-07-22 03:56:58,587 - INFO - websocket - User 1: WebSocket disconnected while sending initial connection data
2025-07-22 03:56:58,588 - WARNING - websocket - User 5O42G: Failed to send initial data, connection may be closed
2025-07-22 04:00:22,812 - INFO - websocket - User 5O42G: WebSocket disconnected
2025-07-22 04:00:23,674 - INFO - websocket - Redis publisher task cancelled.
2025-07-22 04:00:23,674 - INFO - websocket - Redis publisher task finished.
2025-07-22 21:32:52,652 - INFO - websocket - Redis publisher task started. Publishing to channel 'market_data_updates'.
2025-07-22 21:36:55,931 - INFO - websocket - Redis publisher task cancelled.
2025-07-22 21:36:55,931 - INFO - websocket - Redis publisher task finished.
2025-07-22 21:41:57,697 - INFO - websocket - Redis publisher task started. Publishing to channel 'market_data_updates'.
2025-07-22 21:43:06,979 - INFO - websocket - Redis publisher task cancelled.
2025-07-22 21:43:06,979 - INFO - websocket - Redis publisher task finished.
2025-07-22 21:43:10,906 - INFO - websocket - Redis publisher task started. Publishing to channel 'market_data_updates'.
2025-07-22 21:43:58,628 - INFO - websocket - Redis publisher task cancelled.
2025-07-22 21:43:58,629 - INFO - websocket - Redis publisher task finished.
2025-07-22 21:45:34,173 - INFO - websocket - Redis publisher task started. Publishing to channel 'market_data_updates'.
2025-07-22 21:46:29,762 - INFO - websocket - Redis publisher task cancelled.
2025-07-22 21:46:29,762 - INFO - websocket - Redis publisher task finished.
2025-07-22 22:14:25,037 - INFO - websocket - Redis publisher task started. Publishing to channel 'market_data_updates'.
2025-07-22 22:14:27,228 - INFO - websocket - Redis publisher task cancelled.
2025-07-22 22:14:27,228 - INFO - websocket - Redis publisher task finished.
2025-07-22 22:14:33,976 - INFO - websocket - Redis publisher task started. Publishing to channel 'market_data_updates'.
2025-07-22 22:14:39,237 - INFO - websocket - WebSocket connection attempt from 127.0.0.1:52004
2025-07-22 22:14:39,253 - INFO - websocket - WebSocket connection accepted from 127.0.0.1:52004
2025-07-22 22:14:39,282 - INFO - websocket - WebSocket auth: Authenticating user 5B0HV (live)
2025-07-22 22:14:39,304 - INFO - websocket - User 30: WebSocket initialized with balance=10000.00000000, margin=0
2025-07-22 22:14:40,397 - INFO - websocket - User 30: Successfully updated static orders cache with 0 open orders and 0 pending orders
2025-07-22 22:14:40,786 - INFO - websocket - User 5B0HV: WebSocket connection established successfully
2025-07-22 22:14:49,562 - INFO - websocket - User 5B0HV: WebSocket disconnected
2025-07-22 22:14:54,513 - INFO - websocket - WebSocket connection attempt from 127.0.0.1:52051
2025-07-22 22:14:54,514 - INFO - websocket - WebSocket connection accepted from 127.0.0.1:52051
2025-07-22 22:14:54,515 - INFO - websocket - WebSocket auth: Authenticating user 5O42G (demo)
2025-07-22 22:14:54,531 - INFO - websocket - User 1: WebSocket initialized with balance=16449.41000000, margin=0
2025-07-22 22:14:54,830 - INFO - websocket - User 1: Successfully updated static orders cache with 0 open orders and 0 pending orders
2025-07-22 22:14:54,913 - INFO - websocket - User 5O42G: WebSocket connection established successfully
2025-07-22 22:15:15,139 - INFO - websocket - User 5O42G: WebSocket disconnected
2025-07-22 22:15:16,026 - INFO - websocket - Redis publisher task cancelled.
2025-07-22 22:15:16,026 - INFO - websocket - Redis publisher task finished.
2025-07-22 22:30:00,801 - INFO - websocket - Redis publisher task started. Publishing to channel 'market_data_updates'.
2025-07-22 22:30:01,528 - INFO - websocket - WebSocket connection attempt from 127.0.0.1:53483
2025-07-22 22:30:01,534 - INFO - websocket - WebSocket connection accepted from 127.0.0.1:53483
2025-07-22 22:30:01,538 - INFO - websocket - WebSocket auth: Authenticating user 5O42G (demo)
2025-07-22 22:30:01,583 - INFO - websocket - User 1: WebSocket initialized with balance=16449.41000000, margin=0
2025-07-22 22:30:02,622 - INFO - websocket - User 1: Successfully updated static orders cache with 0 open orders and 0 pending orders
2025-07-22 22:30:03,125 - INFO - websocket - User 5O42G: WebSocket connection established successfully
2025-07-22 22:30:11,155 - INFO - websocket - User 5O42G: WebSocket disconnected
2025-07-22 22:30:16,228 - INFO - websocket - WebSocket connection attempt from 127.0.0.1:53539
2025-07-22 22:30:16,229 - INFO - websocket - WebSocket connection accepted from 127.0.0.1:53539
2025-07-22 22:30:16,233 - INFO - websocket - WebSocket auth: Authenticating user 5B0HV (live)
2025-07-22 22:30:16,261 - INFO - websocket - User 30: WebSocket initialized with balance=10000.00000000, margin=0
2025-07-22 22:30:17,151 - INFO - websocket - User 30: Successfully updated static orders cache with 0 open orders and 0 pending orders
2025-07-22 22:30:17,433 - INFO - websocket - User 5B0HV: WebSocket connection established successfully
2025-07-22 22:30:35,998 - INFO - websocket - User 30: Successfully updated static orders cache with 0 open orders and 0 pending orders
2025-07-22 22:30:36,496 - INFO - websocket - [WEBSOCKET_DEBUG] User 30: Received ORDER_UPDATE message
2025-07-22 22:30:36,520 - INFO - websocket - [WEBSOCKET_DEBUG] User 30: Received USER_DATA_UPDATE message
2025-07-22 22:30:42,111 - INFO - websocket - User 5B0HV: WebSocket disconnected
2025-07-22 22:30:49,404 - INFO - websocket - WebSocket connection attempt from 127.0.0.1:53728
2025-07-22 22:30:49,404 - INFO - websocket - WebSocket connection accepted from 127.0.0.1:53728
2025-07-22 22:30:49,408 - INFO - websocket - WebSocket auth: Authenticating user 5O42G (demo)
2025-07-22 22:30:49,424 - INFO - websocket - User 1: WebSocket initialized with balance=16449.41000000, margin=0
2025-07-22 22:30:50,059 - INFO - websocket - User 1: Successfully updated static orders cache with 0 open orders and 0 pending orders
2025-07-22 22:30:50,195 - INFO - websocket - User 5O42G: WebSocket connection established successfully
2025-07-22 22:31:09,000 - INFO - websocket - User 1: Successfully updated static orders cache with 1 open orders and 0 pending orders
2025-07-22 22:31:09,557 - INFO - websocket - [WEBSOCKET_DEBUG] User 1: Received ORDER_UPDATE message
2025-07-22 22:31:09,570 - INFO - websocket - [WEBSOCKET_DEBUG] User 1: Received USER_DATA_UPDATE message
2025-07-22 22:31:11,144 - INFO - websocket - User 1: Successfully updated static orders cache with 2 open orders and 0 pending orders
2025-07-22 22:31:11,978 - INFO - websocket - [WEBSOCKET_DEBUG] User 1: Received ORDER_UPDATE message
2025-07-22 22:31:12,003 - INFO - websocket - [WEBSOCKET_DEBUG] User 1: Received USER_DATA_UPDATE message
2025-07-22 22:31:14,397 - INFO - websocket - User 1: Successfully updated static orders cache with 1 open orders and 0 pending orders
2025-07-22 22:31:14,934 - INFO - websocket - [WEBSOCKET_DEBUG] User 1: Received ORDER_UPDATE message
2025-07-22 22:31:14,937 - INFO - websocket - [WEBSOCKET_DEBUG] User 1: Received USER_DATA_UPDATE message
2025-07-22 22:31:15,900 - INFO - websocket - User 1: Successfully updated static orders cache with 0 open orders and 0 pending orders
2025-07-22 22:31:15,974 - INFO - websocket - [WEBSOCKET_DEBUG] User 1: Received ORDER_UPDATE message
2025-07-22 22:31:16,030 - INFO - websocket - [WEBSOCKET_DEBUG] User 1: Received USER_DATA_UPDATE message
2025-07-22 22:31:21,837 - INFO - websocket - User 5O42G: WebSocket disconnected
2025-07-22 22:31:22,017 - INFO - websocket - Redis publisher task cancelled.
2025-07-22 22:31:22,017 - INFO - websocket - Redis publisher task finished.
2025-07-22 22:32:42,616 - INFO - websocket - Redis publisher task started. Publishing to channel 'market_data_updates'.
2025-07-22 22:32:43,805 - INFO - websocket - WebSocket connection attempt from 127.0.0.1:53930
2025-07-22 22:32:43,806 - INFO - websocket - WebSocket connection accepted from 127.0.0.1:53930
2025-07-22 22:32:43,808 - INFO - websocket - WebSocket auth: Authenticating user 5O42G (demo)
2025-07-22 22:32:43,828 - INFO - websocket - User 1: WebSocket initialized with balance=16447.54000000, margin=0
2025-07-22 22:32:44,612 - INFO - websocket - User 1: Successfully updated static orders cache with 0 open orders and 0 pending orders
2025-07-22 22:32:44,830 - INFO - websocket - User 5O42G: WebSocket connection established successfully
2025-07-22 22:32:49,777 - INFO - websocket - User 5O42G: WebSocket disconnected
2025-07-22 22:32:51,052 - INFO - websocket - WebSocket connection attempt from 127.0.0.1:53973
2025-07-22 22:32:51,053 - INFO - websocket - WebSocket connection accepted from 127.0.0.1:53973
2025-07-22 22:32:51,056 - INFO - websocket - WebSocket auth: Authenticating user 5O42G (demo)
2025-07-22 22:32:51,090 - INFO - websocket - User 1: WebSocket initialized with balance=16447.54000000, margin=0
2025-07-22 22:32:51,643 - INFO - websocket - User 1: Successfully updated static orders cache with 0 open orders and 0 pending orders
2025-07-22 22:32:51,752 - INFO - websocket - User 5O42G: WebSocket connection established successfully
2025-07-22 22:32:58,799 - INFO - websocket - User 1: Successfully updated static orders cache with 1 open orders and 0 pending orders
2025-07-22 22:32:59,313 - INFO - websocket - [WEBSOCKET_DEBUG] User 1: Received ORDER_UPDATE message
2025-07-22 22:32:59,316 - INFO - websocket - [WEBSOCKET_DEBUG] User 1: Received USER_DATA_UPDATE message
2025-07-22 22:33:36,435 - INFO - websocket - User 5O42G: WebSocket disconnected
2025-07-22 22:33:38,615 - INFO - websocket - Redis publisher task cancelled.
2025-07-22 22:33:38,615 - INFO - websocket - Redis publisher task finished.
2025-07-22 22:37:47,149 - INFO - websocket - Redis publisher task started. Publishing to channel 'market_data_updates'.
2025-07-22 22:37:50,620 - INFO - websocket - WebSocket connection attempt from 127.0.0.1:54459
2025-07-22 22:37:50,621 - INFO - websocket - WebSocket connection accepted from 127.0.0.1:54459
2025-07-22 22:37:50,623 - INFO - websocket - WebSocket auth: Authenticating user 5O42G (demo)
2025-07-22 22:37:50,644 - INFO - websocket - User 1: WebSocket initialized with balance=16447.54000000, margin=6.57372776
2025-07-22 22:37:51,338 - INFO - websocket - User 1: Successfully updated static orders cache with 1 open orders and 0 pending orders
2025-07-22 22:37:51,874 - INFO - websocket - User 5O42G: WebSocket connection established successfully
2025-07-22 22:39:47,843 - INFO - websocket - User 1: Successfully updated static orders cache with 2 open orders and 0 pending orders
2025-07-22 22:39:48,317 - INFO - websocket - [WEBSOCKET_DEBUG] User 1: Received ORDER_UPDATE message
2025-07-22 22:39:48,324 - INFO - websocket - [WEBSOCKET_DEBUG] User 1: Received USER_DATA_UPDATE message
2025-07-22 22:40:00,146 - INFO - websocket - User 1: Successfully updated static orders cache with 1 open orders and 0 pending orders
2025-07-22 22:40:00,669 - INFO - websocket - [WEBSOCKET_DEBUG] User 1: Received ORDER_UPDATE message
2025-07-22 22:40:00,676 - INFO - websocket - [WEBSOCKET_DEBUG] User 1: Received USER_DATA_UPDATE message
2025-07-22 22:40:09,043 - INFO - websocket - User 5O42G: WebSocket disconnected
2025-07-22 22:40:10,274 - INFO - websocket - Redis publisher task cancelled.
2025-07-22 22:40:10,274 - INFO - websocket - Redis publisher task finished.
2025-07-22 22:42:56,588 - INFO - websocket - Redis publisher task started. Publishing to channel 'market_data_updates'.
2025-07-22 22:42:58,120 - INFO - websocket - WebSocket connection attempt from 127.0.0.1:54932
2025-07-22 22:42:58,120 - INFO - websocket - WebSocket connection accepted from 127.0.0.1:54932
2025-07-22 22:42:58,122 - INFO - websocket - WebSocket auth: Authenticating user 5O42G (demo)
2025-07-22 22:42:58,142 - INFO - websocket - User 1: WebSocket initialized with balance=16446.77000000, margin=6.57372776
2025-07-22 22:42:59,267 - INFO - websocket - User 1: Successfully updated static orders cache with 1 open orders and 0 pending orders
2025-07-22 22:43:00,173 - INFO - websocket - User 5O42G: WebSocket connection established successfully
2025-07-22 22:43:06,956 - INFO - websocket - User 1: Successfully updated static orders cache with 0 open orders and 0 pending orders
2025-07-22 22:43:07,005 - INFO - websocket - [WEBSOCKET_DEBUG] User 1: Received ORDER_UPDATE message
2025-07-22 22:43:07,022 - INFO - websocket - [WEBSOCKET_DEBUG] User 1: Received USER_DATA_UPDATE message
2025-07-22 22:43:12,218 - INFO - websocket - User 1: Successfully updated static orders cache with 1 open orders and 0 pending orders
2025-07-22 22:43:12,774 - INFO - websocket - [WEBSOCKET_DEBUG] User 1: Received ORDER_UPDATE message
2025-07-22 22:43:12,779 - INFO - websocket - [WEBSOCKET_DEBUG] User 1: Received USER_DATA_UPDATE message
2025-07-22 22:43:15,898 - INFO - websocket - User 5O42G: WebSocket disconnected
2025-07-22 22:43:20,057 - INFO - websocket - WebSocket connection attempt from 127.0.0.1:55003
2025-07-22 22:43:20,058 - INFO - websocket - WebSocket connection accepted from 127.0.0.1:55003
2025-07-22 22:43:20,061 - INFO - websocket - WebSocket auth: Authenticating user 5B0HV (live)
2025-07-22 22:43:20,086 - INFO - websocket - User 30: WebSocket initialized with balance=10000.00000000, margin=0
2025-07-22 22:43:20,595 - INFO - websocket - User 30: Successfully updated static orders cache with 0 open orders and 0 pending orders
2025-07-22 22:43:20,810 - INFO - websocket - User 5B0HV: WebSocket connection established successfully
2025-07-22 22:43:26,439 - INFO - websocket - User 30: Successfully updated static orders cache with 0 open orders and 0 pending orders
2025-07-22 22:43:26,786 - INFO - websocket - [WEBSOCKET_DEBUG] User 30: Received ORDER_UPDATE message
2025-07-22 22:43:26,800 - INFO - websocket - [WEBSOCKET_DEBUG] User 30: Received USER_DATA_UPDATE message
2025-07-22 22:43:37,486 - INFO - websocket - User 5B0HV: WebSocket disconnected
2025-07-22 22:43:45,418 - INFO - websocket - WebSocket connection attempt from 127.0.0.1:55063
2025-07-22 22:43:45,419 - INFO - websocket - WebSocket connection accepted from 127.0.0.1:55063
2025-07-22 22:43:45,421 - INFO - websocket - WebSocket auth: Authenticating user DB7JG (live)
2025-07-22 22:43:45,436 - INFO - websocket - User 14: WebSocket initialized with balance=9902.02000000, margin=9494.46652136
2025-07-22 22:43:45,992 - INFO - websocket - User 14: Successfully updated static orders cache with 3 open orders and 0 pending orders
2025-07-22 22:43:46,203 - INFO - websocket - User DB7JG: WebSocket connection established successfully
2025-07-22 22:44:12,581 - INFO - websocket - [WEBSOCKET_DEBUG] User 14: Received ORDER_UPDATE message
2025-07-22 22:44:12,603 - INFO - websocket - [WEBSOCKET_DEBUG] User 14: Received USER_DATA_UPDATE message
2025-07-22 22:44:47,291 - INFO - websocket - [WEBSOCKET_DEBUG] User 14: Received ORDER_UPDATE message
2025-07-22 22:44:47,301 - INFO - websocket - [WEBSOCKET_DEBUG] User 14: Received USER_DATA_UPDATE message
2025-07-22 22:45:00,106 - INFO - websocket - User DB7JG: WebSocket disconnected
2025-07-22 22:45:01,405 - INFO - websocket - Redis publisher task cancelled.
2025-07-22 22:45:01,405 - INFO - websocket - Redis publisher task finished.
2025-07-22 22:45:11,152 - INFO - websocket - Redis publisher task started. Publishing to channel 'market_data_updates'.
2025-07-22 22:45:11,824 - INFO - websocket - WebSocket connection attempt from 127.0.0.1:55190
2025-07-22 22:45:11,824 - INFO - websocket - WebSocket connection accepted from 127.0.0.1:55190
2025-07-22 22:45:11,826 - INFO - websocket - WebSocket auth: Authenticating user DB7JG (live)
2025-07-22 22:45:11,898 - INFO - websocket - User 14: WebSocket initialized with balance=9902.02000000, margin=9494.46652136
2025-07-22 22:45:12,621 - INFO - websocket - User 14: Successfully updated static orders cache with 3 open orders and 0 pending orders
2025-07-22 22:45:13,090 - INFO - websocket - User DB7JG: WebSocket connection established successfully
2025-07-22 22:45:48,039 - INFO - websocket - [WEBSOCKET_DEBUG] User 14: Received ORDER_UPDATE message
2025-07-22 22:45:48,061 - INFO - websocket - [WEBSOCKET_DEBUG] User 14: Received USER_DATA_UPDATE message
2025-07-22 22:46:20,236 - INFO - websocket - User DB7JG: WebSocket disconnected
2025-07-22 22:46:20,348 - INFO - websocket - Redis publisher task cancelled.
2025-07-22 22:46:20,348 - INFO - websocket - Redis publisher task finished.
2025-07-22 22:46:25,465 - INFO - websocket - Redis publisher task started. Publishing to channel 'market_data_updates'.
2025-07-22 22:46:26,274 - INFO - websocket - WebSocket connection attempt from 127.0.0.1:55347
2025-07-22 22:46:26,274 - INFO - websocket - WebSocket connection accepted from 127.0.0.1:55347
2025-07-22 22:46:26,277 - INFO - websocket - WebSocket auth: Authenticating user DB7JG (live)
2025-07-22 22:46:26,318 - INFO - websocket - User 14: WebSocket initialized with balance=9902.02000000, margin=9494.46652136
2025-07-22 22:46:30,844 - INFO - websocket - User 14: Successfully updated static orders cache with 3 open orders and 0 pending orders
2025-07-22 22:46:31,283 - INFO - websocket - User DB7JG: WebSocket connection established successfully
2025-07-22 22:47:09,190 - INFO - websocket - User DB7JG: WebSocket disconnected
2025-07-22 22:47:09,319 - INFO - websocket - Redis publisher task cancelled.
2025-07-22 22:47:09,319 - INFO - websocket - Redis publisher task finished.
2025-07-22 22:47:23,130 - INFO - websocket - Redis publisher task started. Publishing to channel 'market_data_updates'.
2025-07-22 22:47:24,509 - INFO - websocket - WebSocket connection attempt from 127.0.0.1:55445
2025-07-22 22:47:24,510 - INFO - websocket - WebSocket connection accepted from 127.0.0.1:55445
2025-07-22 22:47:24,511 - INFO - websocket - WebSocket auth: Authenticating user DB7JG (live)
2025-07-22 22:47:24,523 - INFO - websocket - User 14: WebSocket initialized with balance=9902.02000000, margin=9494.46652136
2025-07-22 22:47:25,232 - INFO - websocket - User 14: Successfully updated static orders cache with 3 open orders and 0 pending orders
2025-07-22 22:47:25,389 - INFO - websocket - User DB7JG: WebSocket connection established successfully
2025-07-22 22:47:42,981 - INFO - websocket - User DB7JG: WebSocket disconnected
2025-07-22 22:47:46,265 - INFO - websocket - Redis publisher task cancelled.
2025-07-22 22:47:46,265 - INFO - websocket - Redis publisher task finished.
